2015-08-31 22:39:14,995 INFO d.c.d.MSSQLConnection [demo.sqlConvert.Main.main()] Total time for connecting to db : 771.2 ms
2015-08-31 22:39:15,352 INFO d.s.CopyOfMSSQLFunctions [ForkJoinPool-3-worker-0] Total time for extracting 6 columns  from EmployeeDepartmentHistory: 62.04 ms
2015-08-31 22:39:15,362 INFO d.s.CopyOfMSSQLFunctions [ForkJoinPool-3-worker-3] Total time for extracting 16 columns  from Employee: 70.19 ms
2015-08-31 22:39:15,382 INFO d.s.CopyOfMSSQLFunctions [ForkJoinPool-3-worker-2] Total time for extracting 4 columns  from Department: 93.76 ms
2015-08-31 22:39:15,402 INFO d.s.CopyOfMSSQLFunctions [ForkJoinPool-3-worker-1] Total time for extracting 5 columns  from Shift: 117.0 ms
2015-08-31 22:39:15,432 INFO d.s.CopyOfMSSQLFunctions [ForkJoinPool-4-worker-0] Total time for extracting 3 columns  from BusinessEntity: 155.7 ms
2015-08-31 22:39:15,452 INFO d.s.CopyOfMSSQLFunctions [ForkJoinPool-4-worker-3] Total time for extracting 8 columns  from StateProvince: 180.2 ms
2015-08-31 22:39:15,472 INFO d.s.CopyOfMSSQLFunctions [ForkJoinPool-4-worker-2] Total time for extracting 4 columns  from AddressType: 202.5 ms
2015-08-31 22:39:15,502 INFO d.s.CopyOfMSSQLFunctions [ForkJoinPool-4-worker-1] Total time for extracting 9 columns  from Address: 225.4 ms
2015-08-31 22:39:15,522 INFO d.s.CopyOfMSSQLFunctions [ForkJoinPool-5-worker-2] Total time for extracting 4 columns  from ProductCategory: 260.7 ms
2015-08-31 22:39:15,542 INFO d.s.CopyOfMSSQLFunctions [ForkJoinPool-5-worker-1] Total time for extracting 3 columns  from ScrapReason: 284.3 ms
2015-08-31 22:39:15,562 INFO d.s.CopyOfMSSQLFunctions [ForkJoinPool-5-worker-0] Total time for extracting 4 columns  from ProductDescription: 306.3 ms
2015-08-31 22:39:15,592 INFO d.s.CopyOfMSSQLFunctions [ForkJoinPool-5-worker-3] Total time for extracting 5 columns  from ProductCostHistory: 328.7 ms
2015-08-31 22:39:15,612 INFO d.s.CopyOfMSSQLFunctions [ForkJoinPool-5-worker-0] Total time for extracting 6 columns  from ProductModel: 45.06 ms
2015-08-31 22:39:15,632 INFO d.s.CopyOfMSSQLFunctions [ForkJoinPool-5-worker-1] Total time for extracting 5 columns  from ProductListPriceHistory: 88.80 ms
2015-08-31 22:39:15,652 INFO d.s.CopyOfMSSQLFunctions [ForkJoinPool-5-worker-2] Total time for extracting 7 columns  from ProductInventory: 134.6 ms
2015-08-31 22:39:15,682 INFO d.s.CopyOfMSSQLFunctions [ForkJoinPool-4-worker-1] Total time for extracting 3 columns  from CountryRegion: 179.2 ms
2015-08-31 22:39:15,702 INFO d.s.CopyOfMSSQLFunctions [ForkJoinPool-4-worker-2] Total time for extracting 3 columns  from ContactType: 224.7 ms
2015-08-31 22:39:15,722 INFO d.s.CopyOfMSSQLFunctions [ForkJoinPool-4-worker-3] Total time for extracting 5 columns  from BusinessEntityContact: 269.2 ms
2015-08-31 22:39:15,742 INFO d.s.CopyOfMSSQLFunctions [ForkJoinPool-4-worker-0] Total time for extracting 5 columns  from BusinessEntityAddress: 315.5 ms
2015-08-31 22:39:15,772 INFO d.s.CopyOfMSSQLFunctions [ForkJoinPool-3-worker-3] Total time for extracting 4 columns  from JobCandidate: 410.7 ms
2015-08-31 22:39:15,792 INFO d.s.CopyOfMSSQLFunctions [ForkJoinPool-3-worker-0] Total time for extracting 5 columns  from EmployeePayHistory: 441.2 ms
2015-08-31 22:39:15,792 INFO d.s.CopyOfMSSQLFunctions [ForkJoinPool-1-worker-2] Total time for extracting 6tables  from HumanResources: 555.7 ms
2015-08-31 22:39:15,822 INFO d.s.CopyOfMSSQLFunctions [ForkJoinPool-2-worker-0] Total time for extracting 5 columns  from sysdiagrams: 516.0 ms
2015-08-31 22:39:15,842 INFO d.s.CopyOfMSSQLFunctions [ForkJoinPool-2-worker-3] Total time for extracting 4 columns  from AWBuildVersion: 541.0 ms
2015-08-31 22:39:15,872 INFO d.s.CopyOfMSSQLFunctions [ForkJoinPool-2-worker-2] Total time for extracting 9 columns  from ErrorLog: 569.8 ms
2015-08-31 22:39:15,892 INFO d.s.CopyOfMSSQLFunctions [ForkJoinPool-2-worker-1] Total time for extracting 8 columns  from DatabaseLog: 593.8 ms
2015-08-31 22:39:15,902 INFO d.s.CopyOfMSSQLFunctions [ForkJoinPool-1-worker-1] Total time for extracting 4tables  from dbo: 660.6 ms
2015-08-31 22:39:16,022 INFO d.s.CopyOfMSSQLFunctions [ForkJoinPool-4-worker-0] Total time for extracting 4 columns  from PersonPhone: 271.7 ms
2015-08-31 22:39:16,042 INFO d.s.CopyOfMSSQLFunctions [ForkJoinPool-4-worker-3] Total time for extracting 13 columns  from Person: 317.3 ms
2015-08-31 22:39:16,062 INFO d.s.CopyOfMSSQLFunctions [ForkJoinPool-4-worker-2] Total time for extracting 5 columns  from Password: 360.7 ms
2015-08-31 22:39:16,082 INFO d.s.CopyOfMSSQLFunctions [ForkJoinPool-4-worker-1] Total time for extracting 5 columns  from EmailAddress: 405.6 ms
2015-08-31 22:39:16,112 INFO d.s.CopyOfMSSQLFunctions [ForkJoinPool-5-worker-2] Total time for extracting 6 columns  from ProductPhoto: 452.0 ms
2015-08-31 22:39:16,132 INFO d.s.CopyOfMSSQLFunctions [ForkJoinPool-5-worker-1] Total time for extracting 9 columns  from BillOfMaterials: 496.7 ms
2015-08-31 22:39:16,152 INFO d.s.CopyOfMSSQLFunctions [ForkJoinPool-5-worker-0] Total time for extracting 4 columns  from ProductModelProductDescriptionCulture: 541.2 ms
2015-08-31 22:39:16,172 INFO d.s.CopyOfMSSQLFunctions [ForkJoinPool-5-worker-3] Total time for extracting 3 columns  from ProductModelIllustration: 586.3 ms
2015-08-31 22:39:16,202 INFO d.s.CopyOfMSSQLFunctions [ForkJoinPool-5-worker-0] Total time for extracting 8 columns  from ProductReview: 44.67 ms
2015-08-31 22:39:16,222 INFO d.s.CopyOfMSSQLFunctions [ForkJoinPool-5-worker-1] Total time for extracting 9 columns  from TransactionHistory: 89.96 ms
2015-08-31 22:39:16,242 INFO d.s.CopyOfMSSQLFunctions [ForkJoinPool-5-worker-2] Total time for extracting 4 columns  from ProductProductPhoto: 134.2 ms
2015-08-31 22:39:16,262 INFO d.s.CopyOfMSSQLFunctions [ForkJoinPool-4-worker-0] Total time for extracting 3 columns  from PhoneNumberType: 245.4 ms
2015-08-31 22:39:16,262 INFO d.s.CopyOfMSSQLFunctions [ForkJoinPool-1-worker-3] Total time for extracting 13tables  from Person: 1.026 s
2015-08-31 22:39:16,432 INFO d.s.CopyOfMSSQLFunctions [ForkJoinPool-6-worker-3] Total time for extracting 1 constraints  from temp: 636.6 ms
2015-08-31 22:39:16,672 INFO d.s.CopyOfMSSQLFunctions [ForkJoinPool-6-worker-0] Total time for extracting 1 constraints  from temp: 875.7 ms
2015-08-31 22:39:17,003 INFO d.s.CopyOfMSSQLFunctions [ForkJoinPool-7-worker-2] Total time for extracting 1 constraints  from temp: 1.100 s
2015-08-31 22:39:17,123 INFO d.s.CopyOfMSSQLFunctions [ForkJoinPool-7-worker-0] Total time for extracting 1 constraints  from temp: 1.226 s
2015-08-31 22:39:17,483 INFO d.s.CopyOfMSSQLFunctions [ForkJoinPool-5-worker-2] Total time for extracting 10 columns  from WorkOrder: 1.244 s
2015-08-31 22:39:17,533 INFO d.s.CopyOfMSSQLFunctions [ForkJoinPool-5-worker-1] Total time for extracting 3 columns  from UnitMeasure: 1.308 s
2015-08-31 22:39:17,573 INFO d.s.CopyOfMSSQLFunctions [ForkJoinPool-5-worker-0] Total time for extracting 5 columns  from ProductSubcategory: 1.373 s
2015-08-31 22:39:17,593 INFO d.s.CopyOfMSSQLFunctions [ForkJoinPool-5-worker-3] Total time for extracting 9 columns  from TransactionHistoryArchive: 1.423 s
2015-08-31 22:39:17,623 INFO d.s.CopyOfMSSQLFunctions [ForkJoinPool-5-worker-0] Total time for extracting 14 columns  from Document: 49.77 ms
2015-08-31 22:39:17,643 INFO d.s.CopyOfMSSQLFunctions [ForkJoinPool-5-worker-1] Total time for extracting 12 columns  from WorkOrderRouting: 116.5 ms
2015-08-31 22:39:17,673 INFO d.s.CopyOfMSSQLFunctions [ForkJoinPool-5-worker-2] Total time for extracting 3 columns  from Culture: 182.6 ms
2015-08-31 22:39:17,793 INFO d.s.CopyOfMSSQLFunctions [ForkJoinPool-8-worker-1] Total time for extracting 1 constraints  from temp: 1.526 s
2015-08-31 22:39:17,973 INFO d.s.CopyOfMSSQLFunctions [ForkJoinPool-8-worker-3] Total time for extracting 1 constraints  from temp: 1.712 s
2015-08-31 22:39:18,319 INFO d.s.CopyOfMSSQLFunctions [ForkJoinPool-7-worker-1] Total time for extracting 2 constraints  from temp: 2.415 s
2015-08-31 22:39:18,425 INFO d.s.CopyOfMSSQLFunctions [ForkJoinPool-7-worker-3] Total time for extracting 1 constraints  from temp: 2.526 s
2015-08-31 22:39:18,575 INFO d.s.CopyOfMSSQLFunctions [ForkJoinPool-5-worker-1] Total time for extracting 25 columns  from Product: 928.5 ms
2015-08-31 22:39:18,605 INFO d.s.CopyOfMSSQLFunctions [ForkJoinPool-5-worker-0] Total time for extracting 5 columns  from Location: 982.6 ms
2015-08-31 22:39:18,625 INFO d.s.CopyOfMSSQLFunctions [ForkJoinPool-5-worker-3] Total time for extracting 3 columns  from Illustration: 1.030 s
2015-08-31 22:39:18,625 INFO d.s.CopyOfMSSQLFunctions [ForkJoinPool-1-worker-0] Total time for extracting 24tables  from Production: 3.389 s
2015-08-31 22:39:18,735 INFO d.s.CopyOfMSSQLFunctions [ForkJoinPool-8-worker-1] Total time for extracting 1 constraints  from temp: 947.8 ms
2015-08-31 22:39:18,855 INFO d.s.CopyOfMSSQLFunctions [ForkJoinPool-8-worker-3] Total time for extracting 1 constraints  from temp: 879.6 ms
2015-08-31 22:39:19,005 INFO d.s.CopyOfMSSQLFunctions [ForkJoinPool-1-worker-1] Total time for extracting 2 sequences  from dbo: 578.7 ms
2015-08-31 22:39:19,301 INFO d.s.CopyOfMSSQLFunctions [ForkJoinPool-9-worker-2] Total time for extracting 1 constraints  from temp: 669.3 ms
2015-08-31 22:39:19,411 INFO d.s.CopyOfMSSQLFunctions [ForkJoinPool-9-worker-3] Total time for extracting 1 constraints  from temp: 782.6 ms
2015-08-31 22:39:19,711 INFO d.s.CopyOfMSSQLFunctions [ForkJoinPool-8-worker-0] Total time for extracting 2 constraints  from temp: 3.447 s
2015-08-31 22:39:19,831 INFO d.s.CopyOfMSSQLFunctions [ForkJoinPool-6-worker-3] Total time for extracting 2 constraints  from temp: 3.397 s
2015-08-31 22:39:20,211 INFO d.s.CopyOfMSSQLFunctions [ForkJoinPool-9-worker-1] Total time for extracting 1 constraints  from temp: 1.586 s
2015-08-31 22:39:20,331 INFO d.s.CopyOfMSSQLFunctions [ForkJoinPool-9-worker-2] Total time for extracting 1 constraints  from temp: 1.032 s
2015-08-31 22:39:20,461 INFO d.s.CopyOfMSSQLFunctions [ForkJoinPool-10-worker-0] Total time for extracting 11 columns  from PurchaseOrderDetail: 540.9 ms
2015-08-31 22:39:20,491 INFO d.s.CopyOfMSSQLFunctions [ForkJoinPool-10-worker-3] Total time for extracting 8 columns  from Vendor: 565.2 ms
2015-08-31 22:39:20,511 INFO d.s.CopyOfMSSQLFunctions [ForkJoinPool-10-worker-2] Total time for extracting 11 columns  from ProductVendor: 588.3 ms
2015-08-31 22:39:20,531 INFO d.s.CopyOfMSSQLFunctions [ForkJoinPool-10-worker-1] Total time for extracting 6 columns  from ShipMethod: 610.9 ms
2015-08-31 22:39:20,551 INFO d.s.CopyOfMSSQLFunctions [ForkJoinPool-10-worker-0] Total time for extracting 13 columns  from PurchaseOrderHeader: 92.00 ms
2015-08-31 22:39:20,561 INFO d.s.CopyOfMSSQLFunctions [ForkJoinPool-1-worker-1] Total time for extracting 5tables  from Purchasing: 1.552 s
2015-08-31 22:39:20,721 INFO d.s.CopyOfMSSQLFunctions [ForkJoinPool-9-worker-2] Total time for extracting 1 constraints  from temp: 385.5 ms
2015-08-31 22:39:21,250 INFO d.s.CopyOfMSSQLFunctions [ForkJoinPool-8-worker-2] Total time for extracting 3 constraints  from temp: 4.988 s
2015-08-31 22:39:22,770 INFO d.s.CopyOfMSSQLFunctions [ForkJoinPool-9-worker-3] Total time for extracting 4 constraints  from temp: 3.361 s
2015-08-31 22:39:22,900 INFO d.s.CopyOfMSSQLFunctions [ForkJoinPool-11-worker-2] Total time for extracting 3 constraints  from temp: 2.348 s
2015-08-31 22:39:22,989 INFO d.s.CopyOfMSSQLFunctions [ForkJoinPool-6-worker-1] Total time for extracting 5 constraints  from temp: 7.190 s
2015-08-31 22:39:23,279 INFO d.s.CopyOfMSSQLFunctions [ForkJoinPool-9-worker-0] Total time for extracting 4 constraints  from temp: 4.646 s
2015-08-31 22:39:23,709 INFO d.s.CopyOfMSSQLFunctions [ForkJoinPool-8-worker-0] Total time for extracting 3 constraints  from temp: 3.994 s
2015-08-31 22:39:23,709 INFO d.s.CopyOfMSSQLFunctions [ForkJoinPool-6-worker-0] Total time for extracting 4 constraints  from temp: 7.037 s
2015-08-31 22:39:23,909 INFO d.s.CopyOfMSSQLFunctions [ForkJoinPool-11-worker-3] Total time for extracting 3 constraints  from temp: 3.349 s
2015-08-31 22:39:24,129 INFO d.s.CopyOfMSSQLFunctions [ForkJoinPool-8-worker-1] Total time for extracting 4 constraints  from temp: 5.389 s
2015-08-31 22:39:24,269 INFO d.s.CopyOfMSSQLFunctions [ForkJoinPool-8-worker-3] Total time for extracting 4 constraints  from temp: 5.407 s
2015-08-31 22:39:24,779 INFO d.s.CopyOfMSSQLFunctions [ForkJoinPool-8-worker-3] Total time for extracting 1 constraints  from temp: 512.1 ms
2015-08-31 22:39:24,779 INFO d.s.CopyOfMSSQLFunctions [ForkJoinPool-8-worker-2] Total time for extracting 4 constraints  from temp: 3.525 s
2015-08-31 22:39:25,079 INFO d.s.CopyOfMSSQLFunctions [ForkJoinPool-6-worker-2] Total time for extracting 8 constraints  from temp: 9.280 s
2015-08-31 22:39:25,219 INFO d.s.CopyOfMSSQLFunctions [ForkJoinPool-8-worker-1] Total time for extracting 2 constraints  from temp: 1.089 s
2015-08-31 22:39:25,329 INFO d.s.CopyOfMSSQLFunctions [ForkJoinPool-8-worker-0] Total time for extracting 2 constraints  from temp: 1.623 s
2015-08-31 22:39:25,449 INFO d.s.CopyOfMSSQLFunctions [ForkJoinPool-9-worker-0] Total time for extracting 3 constraints  from temp: 2.170 s
2015-08-31 22:39:25,469 INFO d.s.CopyOfMSSQLFunctions [ForkJoinPool-1-worker-2] Total time for extracting 0 sequences  from HumanResources: 393.9 ms
2015-08-31 22:39:25,715 INFO d.s.CopyOfMSSQLFunctions [ForkJoinPool-1-worker-3] Total time for extracting 0 sequences  from Person: 387.6 ms
2015-08-31 22:39:25,775 INFO d.s.CopyOfMSSQLFunctions [ForkJoinPool-12-worker-0] Total time for extracting 6 columns  from Store: 101.6 ms
2015-08-31 22:39:25,795 INFO d.s.CopyOfMSSQLFunctions [ForkJoinPool-12-worker-3] Total time for extracting 4 columns  from SpecialOfferProduct: 124.5 ms
2015-08-31 22:39:25,815 INFO d.s.CopyOfMSSQLFunctions [ForkJoinPool-12-worker-2] Total time for extracting 11 columns  from SpecialOffer: 147.3 ms
2015-08-31 22:39:25,845 INFO d.s.CopyOfMSSQLFunctions [ForkJoinPool-12-worker-1] Total time for extracting 6 columns  from ShoppingCartItem: 171.9 ms
2015-08-31 22:39:26,005 INFO d.s.CopyOfMSSQLFunctions [ForkJoinPool-9-worker-3] Total time for extracting 4 constraints  from temp: 3.229 s
2015-08-31 22:39:26,025 INFO d.s.CopyOfMSSQLFunctions [ForkJoinPool-12-worker-1] Total time for extracting 7 columns  from CurrencyRate: 181.5 ms
2015-08-31 22:39:26,045 INFO d.s.CopyOfMSSQLFunctions [ForkJoinPool-12-worker-2] Total time for extracting 3 columns  from Currency: 227.7 ms
2015-08-31 22:39:26,155 INFO d.s.CopyOfMSSQLFunctions [ForkJoinPool-12-worker-3] Total time for extracting 6 columns  from CreditCard: 359.1 ms
2015-08-31 22:39:26,175 INFO d.s.CopyOfMSSQLFunctions [ForkJoinPool-12-worker-0] Total time for extracting 3 columns  from CountryRegionCurrency: 404.0 ms
2015-08-31 22:39:26,245 INFO d.s.CopyOfMSSQLFunctions [ForkJoinPool-12-worker-0] Total time for extracting 3 columns  from SalesOrderHeaderSalesReason: 63.25 ms
2015-08-31 22:39:26,265 INFO d.s.CopyOfMSSQLFunctions [ForkJoinPool-12-worker-3] Total time for extracting 26 columns  from SalesOrderHeader: 109.4 ms
2015-08-31 22:39:26,295 INFO d.s.CopyOfMSSQLFunctions [ForkJoinPool-12-worker-2] Total time for extracting 11 columns  from SalesOrderDetail: 249.7 ms
2015-08-31 22:39:26,325 INFO d.s.CopyOfMSSQLFunctions [ForkJoinPool-12-worker-1] Total time for extracting 7 columns  from Customer: 295.7 ms
2015-08-31 22:39:26,455 INFO d.s.CopyOfMSSQLFunctions [ForkJoinPool-9-worker-1] Total time for extracting 5 constraints  from temp: 6.243 s
2015-08-31 22:39:26,565 INFO d.s.CopyOfMSSQLFunctions [ForkJoinPool-12-worker-1] Total time for extracting 7 columns  from SalesTaxRate: 246.0 ms
2015-08-31 22:39:26,595 INFO d.s.CopyOfMSSQLFunctions [ForkJoinPool-12-worker-2] Total time for extracting 4 columns  from SalesReason: 295.2 ms
2015-08-31 22:39:26,615 INFO d.s.CopyOfMSSQLFunctions [ForkJoinPool-12-worker-3] Total time for extracting 5 columns  from SalesPersonQuotaHistory: 348.6 ms
2015-08-31 22:39:26,635 INFO d.s.CopyOfMSSQLFunctions [ForkJoinPool-12-worker-0] Total time for extracting 9 columns  from SalesPerson: 395.6 ms
2015-08-31 22:39:26,655 INFO d.s.CopyOfMSSQLFunctions [ForkJoinPool-12-worker-3] Total time for extracting 6 columns  from SalesTerritoryHistory: 45.17 ms
2015-08-31 22:39:26,685 INFO d.s.CopyOfMSSQLFunctions [ForkJoinPool-12-worker-2] Total time for extracting 10 columns  from SalesTerritory: 90.15 ms
2015-08-31 22:39:26,705 INFO d.s.CopyOfMSSQLFunctions [ForkJoinPool-12-worker-1] Total time for extracting 3 columns  from PersonCreditCard: 136.7 ms
2015-08-31 22:39:26,705 INFO d.s.CopyOfMSSQLFunctions [ForkJoinPool-1-worker-2] Total time for extracting 19tables  from Sales: 1.236 s
2015-08-31 22:39:27,135 INFO d.s.CopyOfMSSQLFunctions [ForkJoinPool-11-worker-1] Total time for extracting 7 constraints  from temp: 6.581 s
2015-08-31 22:39:27,915 INFO d.s.CopyOfMSSQLFunctions [ForkJoinPool-9-worker-2] Total time for extracting 8 constraints  from temp: 7.195 s
2015-08-31 22:39:28,285 INFO d.s.CopyOfMSSQLFunctions [ForkJoinPool-9-worker-1] Total time for extracting 3 constraints  from temp: 1.824 s
2015-08-31 22:39:28,635 INFO d.s.CopyOfMSSQLFunctions [ForkJoinPool-9-worker-1] Total time for extracting 1 constraints  from temp: 353.4 ms
2015-08-31 22:39:28,755 INFO d.s.CopyOfMSSQLFunctions [ForkJoinPool-9-worker-3] Total time for extracting 3 constraints  from temp: 2.749 s
2015-08-31 22:39:28,975 INFO d.s.CopyOfMSSQLFunctions [ForkJoinPool-13-worker-0] Total time for extracting 3 constraints  from temp: 2.272 s
2015-08-31 22:39:29,095 INFO d.s.CopyOfMSSQLFunctions [ForkJoinPool-13-worker-2] Total time for extracting 3 constraints  from temp: 2.384 s
2015-08-31 22:39:29,595 INFO d.s.CopyOfMSSQLFunctions [ForkJoinPool-13-worker-2] Total time for extracting 1 constraints  from temp: 498.7 ms
2015-08-31 22:39:29,735 INFO d.s.CopyOfMSSQLFunctions [ForkJoinPool-13-worker-1] Total time for extracting 3 constraints  from temp: 3.026 s
2015-08-31 22:39:29,885 INFO d.s.CopyOfMSSQLFunctions [ForkJoinPool-9-worker-0] Total time for extracting 3 constraints  from temp: 4.441 s
2015-08-31 22:39:30,045 INFO d.s.CopyOfMSSQLFunctions [ForkJoinPool-9-worker-1] Total time for extracting 2 constraints  from temp: 1.411 s
2015-08-31 22:39:30,185 INFO d.s.CopyOfMSSQLFunctions [ForkJoinPool-9-worker-3] Total time for extracting 2 constraints  from temp: 1.434 s
2015-08-31 22:39:30,305 INFO d.s.CopyOfMSSQLFunctions [ForkJoinPool-13-worker-2] Total time for extracting 1 constraints  from temp: 713.9 ms
2015-08-31 22:39:30,415 INFO d.s.CopyOfMSSQLFunctions [ForkJoinPool-13-worker-3] Total time for extracting 5 constraints  from temp: 3.711 s
2015-08-31 22:39:30,965 INFO d.s.CopyOfMSSQLFunctions [ForkJoinPool-9-worker-3] Total time for extracting 1 constraints  from temp: 777.7 ms
2015-08-31 22:39:31,935 INFO d.s.CopyOfMSSQLFunctions [ForkJoinPool-13-worker-0] Total time for extracting 3 constraints  from temp: 2.955 s
2015-08-31 22:39:32,135 INFO d.s.CopyOfMSSQLFunctions [ForkJoinPool-13-worker-1] Total time for extracting 3 constraints  from temp: 2.407 s
2015-08-31 22:39:32,395 INFO d.s.CopyOfMSSQLFunctions [ForkJoinPool-9-worker-0] Total time for extracting 4 constraints  from temp: 2.508 s
2015-08-31 22:39:32,505 INFO d.s.CopyOfMSSQLFunctions [ForkJoinPool-9-worker-2] Total time for extracting 6 constraints  from temp: 4.592 s
2015-08-31 22:39:32,625 INFO d.s.CopyOfMSSQLFunctions [ForkJoinPool-13-worker-2] Total time for extracting 3 constraints  from temp: 2.317 s
2015-08-31 22:39:33,335 INFO d.s.CopyOfMSSQLFunctions [ForkJoinPool-11-worker-2] Total time for extracting 9 constraints  from temp: 10.43 s
2015-08-31 22:39:33,485 INFO d.s.CopyOfMSSQLFunctions [ForkJoinPool-9-worker-2] Total time for extracting 1 constraints  from temp: 978.3 ms
2015-08-31 22:39:33,775 INFO d.s.CopyOfMSSQLFunctions [ForkJoinPool-11-worker-0] Total time for extracting 10 constraints  from temp: 13.22 s
2015-08-31 22:39:33,995 INFO d.s.CopyOfMSSQLFunctions [ForkJoinPool-1-worker-1] Total time for extracting 0 sequences  from Purchasing: 215.1 ms
2015-08-31 22:39:34,595 INFO d.s.CopyOfMSSQLFunctions [ForkJoinPool-13-worker-2] Total time for extracting 3 constraints  from temp: 1.968 s
2015-08-31 22:39:34,615 INFO d.s.CopyOfMSSQLFunctions [ForkJoinPool-9-worker-0] Total time for extracting 3 constraints  from temp: 2.221 s
2015-08-31 22:39:34,735 INFO d.s.CopyOfMSSQLFunctions [ForkJoinPool-13-worker-2] Total time for extracting 1 constraints  from temp: 141.0 ms
2015-08-31 22:39:35,026 INFO d.s.CopyOfMSSQLFunctions [ForkJoinPool-13-worker-1] Total time for extracting 4 constraints  from temp: 2.889 s
2015-08-31 22:39:35,556 INFO d.s.CopyOfMSSQLFunctions [ForkJoinPool-9-worker-1] Total time for extracting 8 constraints  from temp: 5.504 s
2015-08-31 22:39:35,886 INFO d.s.CopyOfMSSQLFunctions [ForkJoinPool-13-worker-2] Total time for extracting 3 constraints  from temp: 1.153 s
2015-08-31 22:39:36,566 INFO d.s.CopyOfMSSQLFunctions [ForkJoinPool-13-worker-0] Total time for extracting 6 constraints  from temp: 4.631 s
2015-08-31 22:39:36,926 INFO d.s.CopyOfMSSQLFunctions [ForkJoinPool-13-worker-2] Total time for extracting 4 constraints  from temp: 1.044 s
2015-08-31 22:39:37,396 INFO d.s.CopyOfMSSQLFunctions [ForkJoinPool-13-worker-1] Total time for extracting 8 constraints  from temp: 2.366 s
2015-08-31 22:39:37,756 INFO d.s.CopyOfMSSQLFunctions [ForkJoinPool-13-worker-2] Total time for extracting 3 constraints  from temp: 830.5 ms
2015-08-31 22:39:37,886 INFO d.s.CopyOfMSSQLFunctions [ForkJoinPool-9-worker-3] Total time for extracting 15 constraints  from temp: 6.917 s
2015-08-31 22:39:37,916 INFO d.s.CopyOfMSSQLFunctions [ForkJoinPool-1-worker-0] Total time for extracting 0 sequences  from Production: 35.65 ms
2015-08-31 22:39:37,916 INFO d.s.CopyOfMSSQLFunctions [ForkJoinPool-13-worker-0] Total time for extracting 6 constraints  from temp: 1.353 s
2015-08-31 22:39:38,266 INFO d.s.CopyOfMSSQLFunctions [ForkJoinPool-13-worker-3] Total time for extracting 15 constraints  from temp: 7.842 s
2015-08-31 22:39:38,306 INFO d.s.CopyOfMSSQLFunctions [ForkJoinPool-1-worker-2] Total time for extracting 0 sequences  from Sales: 41.07 ms
2015-08-31 22:39:38,306 INFO d.s.CopyOfMSSQLFunctions [demo.sqlConvert.Main.main()] Number of extracted schemas : 6
2015-08-31 22:39:38,309 INFO d.s.CopyOfMSSQLFunctions [demo.sqlConvert.Main.main()] Total Time to extract Schemas :23.30 s
2015-08-31 22:39:38,310 INFO d.s.Main [demo.sqlConvert.Main.main()] Total Time to extract Schemas :23.30 s
2015-08-31 22:39:38,310 INFO d.s.Main [demo.sqlConvert.Main.main()] total time for the whole process :24.57 s (0:24:574)
